<?xml version="1.0" encoding="UTF-8"?>
<testng-results skipped="0" failed="0" total="1" passed="1">
  <reporter-output>
  </reporter-output>
  <suite name="Default suite" duration-ms="3322655" started-at="2015-12-18T10:23:41Z" finished-at="2015-12-18T11:19:03Z">
    <groups>
    </groups>
    <test name="Default test" duration-ms="3322655" started-at="2015-12-18T10:23:41Z" finished-at="2015-12-18T11:19:03Z">
      <class name="com.checkAuto.appium.testcases.makemytrip.runOrders">
        <test-method status="PASS" signature="setUp()[pri:0, instance:com.checkAuto.appium.testcases.makemytrip.runOrders@3cd3e762]" name="setUp" is-config="true" duration-ms="13167" started-at="2015-12-18T18:23:28Z" finished-at="2015-12-18T18:23:41Z">
          <reporter-output>
          </reporter-output>
        </test-method> <!-- setUp -->
        <test-method status="PASS" signature="init()[pri:0, instance:com.checkAuto.appium.testcases.makemytrip.runOrders@3cd3e762]" name="init" is-config="true" duration-ms="263" started-at="2015-12-18T18:23:41Z" finished-at="2015-12-18T18:23:41Z">
          <reporter-output>
          </reporter-output>
        </test-method> <!-- init -->
        <test-method status="PASS" signature="getCarShoot()[pri:0, instance:com.checkAuto.appium.testcases.makemytrip.runOrders@3cd3e762]" name="getCarShoot" duration-ms="3322379" started-at="2015-12-18T18:23:41Z" finished-at="2015-12-18T19:19:03Z">
          <reporter-output>
          </reporter-output>
        </test-method> <!-- getCarShoot -->
        <test-method status="PASS" signature="tearDown()[pri:0, instance:com.checkAuto.appium.testcases.makemytrip.runOrders@3cd3e762]" name="tearDown" is-config="true" duration-ms="1076" started-at="2015-12-18T19:19:03Z" finished-at="2015-12-18T19:19:04Z">
          <reporter-output>
          </reporter-output>
        </test-method> <!-- tearDown -->
      </class> <!-- com.checkAuto.appium.testcases.makemytrip.runOrders -->
    </test> <!-- Default test -->
  </suite> <!-- Default suite -->
</testng-results>
