<?xml version="1.0" encoding="UTF-8"?>
<!-- Generated by org.testng.reporters.JUnitXMLReporter -->
<testsuite hostname="KITTY" name="SelendroidHomeScreen test" tests="1" failures="1" timestamp="27 Jul 2015 17:28:13 GMT" time="3.733" errors="0">
  <testcase name="validateHomeScreenTest" time="3.712" classname="com.checkAuto.appium.testcases.SelendroidHomeScreenValidationTest">
    <failure type="org.openqa.selenium.NoSuchElementException" message="Can&amp;apos;t locate an element by this strategy: Locator map: 
- native content: &amp;quot;By.id: io.selendroid.testapp:id/my_text_field&amp;quot; 
- html content: &amp;quot;by id or name &amp;quot;textField&amp;quot;&amp;quot;
For documentation on this error, please visit: http://seleniumhq.org/exceptions/no_such_element.html
Build info: version: &amp;apos;2.46.0&amp;apos;, revision: &amp;apos;61506a4624b13675f24581e453592342b7485d71&amp;apos;, time: &amp;apos;2015-06-04 10:22:50&amp;apos;
System info: host: &amp;apos;KITTY&amp;apos;, ip: &amp;apos;192.168.31.1&amp;apos;, os.name: &amp;apos;Windows 7&amp;apos;, os.arch: &amp;apos;amd64&amp;apos;, os.version: &amp;apos;6.1&amp;apos;, java.version: &amp;apos;1.8.0_25&amp;apos;
Driver info: driver.version: unknown">
      <![CDATA[org.openqa.selenium.NoSuchElementException: Can't locate an element by this strategy: Locator map: 
- native content: "By.id: io.selendroid.testapp:id/my_text_field" 
- html content: "by id or name "textField""
For documentation on this error, please visit: http://seleniumhq.org/exceptions/no_such_element.html
Build info: version: '2.46.0', revision: '61506a4624b13675f24581e453592342b7485d71', time: '2015-06-04 10:22:50'
System info: host: 'KITTY', ip: '192.168.31.1', os.name: 'Windows 7', os.arch: 'amd64', os.version: '6.1', java.version: '1.8.0_25'
Driver info: driver.version: unknown
	at io.appium.java_client.pagefactory.AppiumElementLocator.findElement(AppiumElementLocator.java:169)
	at io.appium.java_client.pagefactory.ElementInterceptor.intercept(ElementInterceptor.java:30)
	at io.appium.java_client.android.AndroidElement$$EnhancerByCGLIB$$cf39c07b.sendKeys(<generated>)
	at com.checkAuto.appium.screens.nativeapp.SelendroidHomeScreen.typeData(SelendroidHomeScreen.java:37)
	at com.checkAuto.appium.testcases.SelendroidHomeScreenValidationTest.validateHomeScreenTest(SelendroidHomeScreenValidationTest.java:24)
... Removed 24 stack frames]]>
    </failure>
  </testcase> <!-- validateHomeScreenTest -->
</testsuite> <!-- SelendroidHomeScreen test -->
