<?xml version="1.0" encoding="UTF-8"?>
<!-- Generated by org.testng.reporters.JUnitXMLReporter -->
<testsuite hostname="KITTY" name="WebViewScreen test" tests="1" failures="1" timestamp="27 Jul 2015 17:28:14 GMT" time="1.348" errors="0">
  <testcase name="validateWebViewScreen" time="1.345" classname="com.checkAuto.appium.testcases.WebViewScreenValidationTest">
    <failure type="org.openqa.selenium.NoSuchElementException" message="Can&amp;apos;t locate an element by this strategy: Locator map: 
- native content: &amp;quot;By.chained({By.id: io.selendroid.testapp:id/tableHeader,By.className: android.widget.TextView})&amp;quot; 
- html content: &amp;quot;by id or name &amp;quot;webviewText&amp;quot;&amp;quot;
For documentation on this error, please visit: http://seleniumhq.org/exceptions/no_such_element.html
Build info: version: &amp;apos;2.46.0&amp;apos;, revision: &amp;apos;61506a4624b13675f24581e453592342b7485d71&amp;apos;, time: &amp;apos;2015-06-04 10:22:50&amp;apos;
System info: host: &amp;apos;KITTY&amp;apos;, ip: &amp;apos;192.168.31.1&amp;apos;, os.name: &amp;apos;Windows 7&amp;apos;, os.arch: &amp;apos;amd64&amp;apos;, os.version: &amp;apos;6.1&amp;apos;, java.version: &amp;apos;1.8.0_25&amp;apos;
Driver info: driver.version: unknown">
      <![CDATA[org.openqa.selenium.NoSuchElementException: Can't locate an element by this strategy: Locator map: 
- native content: "By.chained({By.id: io.selendroid.testapp:id/tableHeader,By.className: android.widget.TextView})" 
- html content: "by id or name "webviewText""
For documentation on this error, please visit: http://seleniumhq.org/exceptions/no_such_element.html
Build info: version: '2.46.0', revision: '61506a4624b13675f24581e453592342b7485d71', time: '2015-06-04 10:22:50'
System info: host: 'KITTY', ip: '192.168.31.1', os.name: 'Windows 7', os.arch: 'amd64', os.version: '6.1', java.version: '1.8.0_25'
Driver info: driver.version: unknown
	at io.appium.java_client.pagefactory.AppiumElementLocator.findElement(AppiumElementLocator.java:169)
	at io.appium.java_client.pagefactory.ElementInterceptor.intercept(ElementInterceptor.java:30)
	at io.appium.java_client.android.AndroidElement$$EnhancerByCGLIB$$cf39c07b.getText(<generated>)
	at com.checkAuto.appium.screens.nativeapp.WebViewInteractionScreen.validateWebViewText(WebViewInteractionScreen.java:34)
	at com.checkAuto.appium.testcases.WebViewScreenValidationTest.validateWebViewScreen(WebViewScreenValidationTest.java:24)
... Removed 24 stack frames]]>
    </failure>
  </testcase> <!-- validateWebViewScreen -->
</testsuite> <!-- WebViewScreen test -->
