<?xml version="1.0" encoding="UTF-8"?>
<!-- Generated by org.testng.reporters.JUnitReportReporter -->
<testsuite hostname="KITTY" name="com.checkAuto.appium.testcases.WebViewScreenValidationTest" tests="1" failures="0" timestamp="27 Jul 2015 17:28:15 GMT" time="1.345" errors="1">
  <testcase name="validateWebViewScreen" time="1.345" classname="com.checkAuto.appium.testcases.WebViewScreenValidationTest">
    <error type="org.openqa.selenium.NoSuchElementException" message="Can&#039;t locate an element by this strategy: Locator map: 
- native content: &quot;By.chained({By.id: io.selendroid.testapp:id/tableHeader,By.className: android.widget.TextView})&quot; 
- html content: &quot;by id or name &quot;webviewText&quot;&quot;
For documentation on this error, please visit: http://seleniumhq.org/exceptions/no_such_element.html
Build info: version: &#039;2.46.0&#039;, revision: &#039;61506a4624b13675f24581e453592342b7485d71&#039;, time: &#039;2015-06-04 10:22:50&#039;
System info: host: &#039;KITTY&#039;, ip: &#039;192.168.31.1&#039;, os.name: &#039;Windows 7&#039;, os.arch: &#039;amd64&#039;, os.version: &#039;6.1&#039;, java.version: &#039;1.8.0_25&#039;
Driver info: driver.version: unknown">
      <![CDATA[org.openqa.selenium.NoSuchElementException: Can't locate an element by this strategy: Locator map: 
- native content: "By.chained({By.id: io.selendroid.testapp:id/tableHeader,By.className: android.widget.TextView})" 
- html content: "by id or name "webviewText""
For documentation on this error, please visit: http://seleniumhq.org/exceptions/no_such_element.html
Build info: version: '2.46.0', revision: '61506a4624b13675f24581e453592342b7485d71', time: '2015-06-04 10:22:50'
System info: host: 'KITTY', ip: '192.168.31.1', os.name: 'Windows 7', os.arch: 'amd64', os.version: '6.1', java.version: '1.8.0_25'
Driver info: driver.version: unknown
	at io.appium.java_client.pagefactory.AppiumElementLocator.findElement(AppiumElementLocator.java:169)
	at io.appium.java_client.pagefactory.ElementInterceptor.intercept(ElementInterceptor.java:30)
	at io.appium.java_client.android.AndroidElement$$EnhancerByCGLIB$$cf39c07b.getText(<generated>)
	at com.checkAuto.appium.screens.nativeapp.WebViewInteractionScreen.validateWebViewText(WebViewInteractionScreen.java:34)
	at com.checkAuto.appium.testcases.WebViewScreenValidationTest.validateWebViewScreen(WebViewScreenValidationTest.java:24)
	at sun.reflect.NativeMethodAccessorImpl.invoke0(Native Method)
	at sun.reflect.NativeMethodAccessorImpl.invoke(Unknown Source)
	at sun.reflect.DelegatingMethodAccessorImpl.invoke(Unknown Source)
	at java.lang.reflect.Method.invoke(Unknown Source)
	at org.testng.internal.MethodInvocationHelper.invokeMethod(MethodInvocationHelper.java:85)
	at org.testng.internal.Invoker.invokeMethod(Invoker.java:639)
	at org.testng.internal.Invoker.invokeTestMethod(Invoker.java:821)
	at org.testng.internal.Invoker.invokeTestMethods(Invoker.java:1131)
	at org.testng.internal.TestMethodWorker.invokeTestMethods(TestMethodWorker.java:124)
	at org.testng.internal.TestMethodWorker.run(TestMethodWorker.java:108)
	at org.testng.TestRunner.privateRun(TestRunner.java:773)
	at org.testng.TestRunner.run(TestRunner.java:623)
	at org.testng.SuiteRunner.runTest(SuiteRunner.java:357)
	at org.testng.SuiteRunner.runSequentially(SuiteRunner.java:352)
	at org.testng.SuiteRunner.privateRun(SuiteRunner.java:310)
	at org.testng.SuiteRunner.run(SuiteRunner.java:259)
	at org.testng.SuiteRunnerWorker.runSuite(SuiteRunnerWorker.java:52)
	at org.testng.SuiteRunnerWorker.run(SuiteRunnerWorker.java:86)
	at org.testng.TestNG.runSuitesSequentially(TestNG.java:1185)
	at org.testng.TestNG.runSuitesLocally(TestNG.java:1110)
	at org.testng.TestNG.run(TestNG.java:1018)
	at org.testng.remote.RemoteTestNG.run(RemoteTestNG.java:111)
	at org.testng.remote.RemoteTestNG.initAndRun(RemoteTestNG.java:204)
	at org.testng.remote.RemoteTestNG.main(RemoteTestNG.java:175)
]]>
    </error>
  </testcase> <!-- validateWebViewScreen -->
</testsuite> <!-- com.checkAuto.appium.testcases.WebViewScreenValidationTest -->
